Generated at 2014-07-21 16:07:43 -0700
RuntimeError: machine_batch[default] (@recipe_files::/Users/shain/dev/chef-metal-port-test/simple.rb line 82) had an error: RuntimeError: No driver specified for mario
/Users/shain/.rbenv/versions/2.0.0-p481/lib/ruby/gems/2.0.0/gems/chef-metal-0.13/lib/chef/provider/machine_batch.rb:124:in `block in by_new_driver'
/Users/shain/.rbenv/versions/2.0.0-p481/lib/ruby/gems/2.0.0/gems/chef-metal-0.13/lib/chef/provider/machine_batch.rb:108:in `each'
/Users/shain/.rbenv/versions/2.0.0-p481/lib/ruby/gems/2.0.0/gems/chef-metal-0.13/lib/chef/provider/machine_batch.rb:108:in `by_new_driver'
/Users/shain/.rbenv/versions/2.0.0-p481/lib/ruby/gems/2.0.0/gems/chef-metal-0.13/lib/chef/provider/machine_batch.rb:26:in `block in <class:MachineBatch>'
/Users/shain/.rbenv/versions/2.0.0-p481/lib/ruby/gems/2.0.0/gems/chef-11.14.0.rc.2/lib/chef/provider/lwrp_base.rb:60:in `instance_eval'
/Users/shain/.rbenv/versions/2.0.0-p481/lib/ruby/gems/2.0.0/gems/chef-11.14.0.rc.2/lib/chef/provider/lwrp_base.rb:60:in `recipe_eval_with_update_check'
/Users/shain/.rbenv/versions/2.0.0-p481/lib/ruby/gems/2.0.0/gems/chef-11.14.0.rc.2/lib/chef/provider/lwrp_base.rb:45:in `block in action'
/Users/shain/.rbenv/versions/2.0.0-p481/lib/ruby/gems/2.0.0/gems/chef-metal-0.13/lib/chef/provider/machine_batch.rb:80:in `with_ready_machines'
/Users/shain/.rbenv/versions/2.0.0-p481/lib/ruby/gems/2.0.0/gems/chef-metal-0.13/lib/chef/provider/machine_batch.rb:48:in `block in <class:MachineBatch>'
/Users/shain/.rbenv/versions/2.0.0-p481/lib/ruby/gems/2.0.0/gems/chef-11.14.0.rc.2/lib/chef/provider/lwrp_base.rb:60:in `instance_eval'
/Users/shain/.rbenv/versions/2.0.0-p481/lib/ruby/gems/2.0.0/gems/chef-11.14.0.rc.2/lib/chef/provider/lwrp_base.rb:60:in `recipe_eval_with_update_check'
/Users/shain/.rbenv/versions/2.0.0-p481/lib/ruby/gems/2.0.0/gems/chef-11.14.0.rc.2/lib/chef/provider/lwrp_base.rb:45:in `block in action'
/Users/shain/.rbenv/versions/2.0.0-p481/lib/ruby/gems/2.0.0/gems/chef-11.14.0.rc.2/lib/chef/provider.rb:121:in `run_action'
/Users/shain/.rbenv/versions/2.0.0-p481/lib/ruby/gems/2.0.0/gems/chef-11.14.0.rc.2/lib/chef/resource.rb:648:in `run_action'
/Users/shain/.rbenv/versions/2.0.0-p481/lib/ruby/gems/2.0.0/gems/chef-11.14.0.rc.2/lib/chef/runner.rb:49:in `run_action'
/Users/shain/.rbenv/versions/2.0.0-p481/lib/ruby/gems/2.0.0/gems/chef-11.14.0.rc.2/lib/chef/runner.rb:81:in `block (2 levels) in converge'
/Users/shain/.rbenv/versions/2.0.0-p481/lib/ruby/gems/2.0.0/gems/chef-11.14.0.rc.2/lib/chef/runner.rb:81:in `each'
/Users/shain/.rbenv/versions/2.0.0-p481/lib/ruby/gems/2.0.0/gems/chef-11.14.0.rc.2/lib/chef/runner.rb:81:in `block in converge'
/Users/shain/.rbenv/versions/2.0.0-p481/lib/ruby/gems/2.0.0/gems/chef-11.14.0.rc.2/lib/chef/resource_collection.rb:98:in `block in execute_each_resource'
/Users/shain/.rbenv/versions/2.0.0-p481/lib/ruby/gems/2.0.0/gems/chef-11.14.0.rc.2/lib/chef/resource_collection/stepable_iterator.rb:116:in `call'
/Users/shain/.rbenv/versions/2.0.0-p481/lib/ruby/gems/2.0.0/gems/chef-11.14.0.rc.2/lib/chef/resource_collection/stepable_iterator.rb:116:in `call_iterator_block'
/Users/shain/.rbenv/versions/2.0.0-p481/lib/ruby/gems/2.0.0/gems/chef-11.14.0.rc.2/lib/chef/resource_collection/stepable_iterator.rb:85:in `step'
/Users/shain/.rbenv/versions/2.0.0-p481/lib/ruby/gems/2.0.0/gems/chef-11.14.0.rc.2/lib/chef/resource_collection/stepable_iterator.rb:104:in `iterate'
/Users/shain/.rbenv/versions/2.0.0-p481/lib/ruby/gems/2.0.0/gems/chef-11.14.0.rc.2/lib/chef/resource_collection/stepable_iterator.rb:55:in `each_with_index'
/Users/shain/.rbenv/versions/2.0.0-p481/lib/ruby/gems/2.0.0/gems/chef-11.14.0.rc.2/lib/chef/resource_collection.rb:96:in `execute_each_resource'
/Users/shain/.rbenv/versions/2.0.0-p481/lib/ruby/gems/2.0.0/gems/chef-11.14.0.rc.2/lib/chef/runner.rb:80:in `converge'
/Users/shain/.rbenv/versions/2.0.0-p481/lib/ruby/gems/2.0.0/gems/chef-11.14.0.rc.2/lib/chef/client.rb:345:in `converge'
/Users/shain/.rbenv/versions/2.0.0-p481/lib/ruby/gems/2.0.0/gems/chef-11.14.0.rc.2/lib/chef/client.rb:431:in `do_run'
/Users/shain/.rbenv/versions/2.0.0-p481/lib/ruby/gems/2.0.0/gems/chef-11.14.0.rc.2/lib/chef/client.rb:213:in `block in run'
/Users/shain/.rbenv/versions/2.0.0-p481/lib/ruby/gems/2.0.0/gems/chef-11.14.0.rc.2/lib/chef/client.rb:207:in `fork'
/Users/shain/.rbenv/versions/2.0.0-p481/lib/ruby/gems/2.0.0/gems/chef-11.14.0.rc.2/lib/chef/client.rb:207:in `run'
/Users/shain/.rbenv/versions/2.0.0-p481/lib/ruby/gems/2.0.0/gems/chef-11.14.0.rc.2/lib/chef/application.rb:237:in `run_chef_client'
/Users/shain/.rbenv/versions/2.0.0-p481/lib/ruby/gems/2.0.0/gems/chef-11.14.0.rc.2/lib/chef/application/client.rb:338:in `block in run_application'
/Users/shain/.rbenv/versions/2.0.0-p481/lib/ruby/gems/2.0.0/gems/chef-11.14.0.rc.2/lib/chef/application/client.rb:327:in `loop'
/Users/shain/.rbenv/versions/2.0.0-p481/lib/ruby/gems/2.0.0/gems/chef-11.14.0.rc.2/lib/chef/application/client.rb:327:in `run_application'
/Users/shain/.rbenv/versions/2.0.0-p481/lib/ruby/gems/2.0.0/gems/chef-11.14.0.rc.2/lib/chef/application.rb:55:in `run'
/Users/shain/.rbenv/versions/2.0.0-p481/lib/ruby/gems/2.0.0/gems/chef-11.14.0.rc.2/bin/chef-client:26:in `<top (required)>'
/Users/shain/.rbenv/versions/2.0.0-p481/lib/ruby/gems/2.0.0/bin/chef-client:23:in `load'
/Users/shain/.rbenv/versions/2.0.0-p481/lib/ruby/gems/2.0.0/bin/chef-client:23:in `<main>'